0 info it worked if it ends with ok
1 verbose cli [ 'node', '/usr/local/bin/npm', 'start' ]
2 info using npm@2.1.14
3 info using node@v0.10.34
4 verbose node symlink /usr/local/bin/node
5 verbose run-script [ 'prestart', 'start', 'poststart' ]
6 info prestart sports@0.0.4
7 info start sports@0.0.4
8 verbose unsafe-perm in lifecycle true
9 info sports@0.0.4 Failed to exec start script
10 verbose stack Error: sports@0.0.4 start: `node ./bin/www`
10 verbose stack Exit status 8
10 verbose stack     at EventEmitter.<anonymous> (/usr/local/lib/node_modules/npm/lib/utils/lifecycle.js:212:16)
10 verbose stack     at EventEmitter.emit (events.js:98:17)
10 verbose stack     at ChildProcess.<anonymous> (/usr/local/lib/node_modules/npm/lib/utils/spawn.js:14:12)
10 verbose stack     at ChildProcess.emit (events.js:98:17)
10 verbose stack     at maybeClose (child_process.js:766:16)
10 verbose stack     at Process.ChildProcess._handle.onexit (child_process.js:833:5)
11 verbose pkgid sports@0.0.4
12 verbose cwd /Users/nick/XcodeApps/sports2
13 error Darwin 14.0.0
14 error argv "node" "/usr/local/bin/npm" "start"
15 error node v0.10.34
16 error npm  v2.1.14
17 error code ELIFECYCLE
18 error sports@0.0.4 start: `node ./bin/www`
18 error Exit status 8
19 error Failed at the sports@0.0.4 start script 'node ./bin/www'.
19 error This is most likely a problem with the sports package,
19 error not with npm itself.
19 error Tell the author that this fails on your system:
19 error     node ./bin/www
19 error You can get their info via:
19 error     npm owner ls sports
19 error There is likely additional logging output above.
20 verbose exit [ 1, true ]
